Started analysis of ERR14230582_Illumina_HiSeq_4000_sequencing.fastq.gz
Approx 5% complete for ERR14230582_Illumina_HiSeq_4000_sequencing.fastq.gz
Approx 10% complete for ERR14230582_Illumina_HiSeq_4000_sequencing.fastq.gz
Approx 15% complete for ERR14230582_Illumina_HiSeq_4000_sequencing.fastq.gz
Approx 20% complete for ERR14230582_Illumina_HiSeq_4000_sequencing.fastq.gz
Approx 25% complete for ERR14230582_Illumina_HiSeq_4000_sequencing.fastq.gz
Approx 30% complete for ERR14230582_Illumina_HiSeq_4000_sequencing.fastq.gz
Approx 35% complete for ERR14230582_Illumina_HiSeq_4000_sequencing.fastq.gz
Started analysis of ERR14230586_Illumina_HiSeq_4000_sequencing.fastq.gz
Approx 40% complete for ERR14230582_Illumina_HiSeq_4000_sequencing.fastq.gz
Approx 45% complete for ERR14230582_Illumina_HiSeq_4000_sequencing.fastq.gz
Approx 50% complete for ERR14230582_Illumina_HiSeq_4000_sequencing.fastq.gz
Approx 5% complete for ERR14230586_Illumina_HiSeq_4000_sequencing.fastq.gz
Approx 55% complete for ERR14230582_Illumina_HiSeq_4000_sequencing.fastq.gz
Approx 60% complete for ERR14230582_Illumina_HiSeq_4000_sequencing.fastq.gz
Approx 65% complete for ERR14230582_Illumina_HiSeq_4000_sequencing.fastq.gz
Approx 70% complete for ERR14230582_Illumina_HiSeq_4000_sequencing.fastq.gz
Approx 10% complete for ERR14230586_Illumina_HiSeq_4000_sequencing.fastq.gz
Approx 75% complete for ERR14230582_Illumina_HiSeq_4000_sequencing.fastq.gz
Started analysis of ERR14230595_Illumina_HiSeq_4000_sequencing.fastq.gz
Approx 80% complete for ERR14230582_Illumina_HiSeq_4000_sequencing.fastq.gz
Approx 85% complete for ERR14230582_Illumina_HiSeq_4000_sequencing.fastq.gz
Approx 5% complete for ERR14230595_Illumina_HiSeq_4000_sequencing.fastq.gz
Approx 15% complete for ERR14230586_Illumina_HiSeq_4000_sequencing.fastq.gz
Approx 90% complete for ERR14230582_Illumina_HiSeq_4000_sequencing.fastq.gz
Approx 95% complete for ERR14230582_Illumina_HiSeq_4000_sequencing.fastq.gz
Approx 10% complete for ERR14230595_Illumina_HiSeq_4000_sequencing.fastq.gz
Approx 20% complete for ERR14230586_Illumina_HiSeq_4000_sequencing.fastq.gz
Approx 15% complete for ERR14230595_Illumina_HiSeq_4000_sequencing.fastq.gz
Approx 20% complete for ERR14230595_Illumina_HiSeq_4000_sequencing.fastq.gz
Started analysis of ERR14230600_Illumina_HiSeq_4000_sequencing.fastq.gz
Approx 25% complete for ERR14230586_Illumina_HiSeq_4000_sequencing.fastq.gz
Approx 25% complete for ERR14230595_Illumina_HiSeq_4000_sequencing.fastq.gz
Approx 5% complete for ERR14230600_Illumina_HiSeq_4000_sequencing.fastq.gz
Approx 30% complete for ERR14230595_Illumina_HiSeq_4000_sequencing.fastq.gz
Approx 30% complete for ERR14230586_Illumina_HiSeq_4000_sequencing.fastq.gz
Approx 35% complete for ERR14230595_Illumina_HiSeq_4000_sequencing.fastq.gz
Approx 10% complete for ERR14230600_Illumina_HiSeq_4000_sequencing.fastq.gz
Approx 40% complete for ERR14230595_Illumina_HiSeq_4000_sequencing.fastq.gz
Approx 35% complete for ERR14230586_Illumina_HiSeq_4000_sequencing.fastq.gz
Approx 45% complete for ERR14230595_Illumina_HiSeq_4000_sequencing.fastq.gz
Approx 15% complete for ERR14230600_Illumina_HiSeq_4000_sequencing.fastq.gz
Approx 40% complete for ERR14230586_Illumina_HiSeq_4000_sequencing.fastq.gz
Approx 50% complete for ERR14230595_Illumina_HiSeq_4000_sequencing.fastq.gz
Approx 20% complete for ERR14230600_Illumina_HiSeq_4000_sequencing.fastq.gz
Approx 55% complete for ERR14230595_Illumina_HiSeq_4000_sequencing.fastq.gz
Approx 45% complete for ERR14230586_Illumina_HiSeq_4000_sequencing.fastq.gz
Approx 60% complete for ERR14230595_Illumina_HiSeq_4000_sequencing.fastq.gz
Approx 25% complete for ERR14230600_Illumina_HiSeq_4000_sequencing.fastq.gz
Approx 65% complete for ERR14230595_Illumina_HiSeq_4000_sequencing.fastq.gz
Approx 50% complete for ERR14230586_Illumina_HiSeq_4000_sequencing.fastq.gz
Approx 30% complete for ERR14230600_Illumina_HiSeq_4000_sequencing.fastq.gz
Approx 70% complete for ERR14230595_Illumina_HiSeq_4000_sequencing.fastq.gz
Approx 75% complete for ERR14230595_Illumina_HiSeq_4000_sequencing.fastq.gz
Approx 55% complete for ERR14230586_Illumina_HiSeq_4000_sequencing.fastq.gz
Approx 35% complete for ERR14230600_Illumina_HiSeq_4000_sequencing.fastq.gz
Approx 80% complete for ERR14230595_Illumina_HiSeq_4000_sequencing.fastq.gz
Approx 85% complete for ERR14230595_Illumina_HiSeq_4000_sequencing.fastq.gz
Approx 60% complete for ERR14230586_Illumina_HiSeq_4000_sequencing.fastq.gz
Approx 40% complete for ERR14230600_Illumina_HiSeq_4000_sequencing.fastq.gz
Approx 90% complete for ERR14230595_Illumina_HiSeq_4000_sequencing.fastq.gz
Approx 95% complete for ERR14230595_Illumina_HiSeq_4000_sequencing.fastq.gz
Approx 65% complete for ERR14230586_Illumina_HiSeq_4000_sequencing.fastq.gz
Approx 45% complete for ERR14230600_Illumina_HiSeq_4000_sequencing.fastq.gz
Approx 70% complete for ERR14230586_Illumina_HiSeq_4000_sequencing.fastq.gz
Approx 50% complete for ERR14230600_Illumina_HiSeq_4000_sequencing.fastq.gz
Approx 75% complete for ERR14230586_Illumina_HiSeq_4000_sequencing.fastq.gz
Approx 55% complete for ERR14230600_Illumina_HiSeq_4000_sequencing.fastq.gz
Approx 60% complete for ERR14230600_Illumina_HiSeq_4000_sequencing.fastq.gz
Approx 80% complete for ERR14230586_Illumina_HiSeq_4000_sequencing.fastq.gz
Approx 65% complete for ERR14230600_Illumina_HiSeq_4000_sequencing.fastq.gz
Approx 85% complete for ERR14230586_Illumina_HiSeq_4000_sequencing.fastq.gz
Approx 70% complete for ERR14230600_Illumina_HiSeq_4000_sequencing.fastq.gz
Approx 90% complete for ERR14230586_Illumina_HiSeq_4000_sequencing.fastq.gz
Approx 75% complete for ERR14230600_Illumina_HiSeq_4000_sequencing.fastq.gz
Approx 95% complete for ERR14230586_Illumina_HiSeq_4000_sequencing.fastq.gz
Approx 80% complete for ERR14230600_Illumina_HiSeq_4000_sequencing.fastq.gz
Approx 85% complete for ERR14230600_Illumina_HiSeq_4000_sequencing.fastq.gz
Approx 90% complete for ERR14230600_Illumina_HiSeq_4000_sequencing.fastq.gz
Approx 95% complete for ERR14230600_Illumina_HiSeq_4000_sequencing.fastq.gz

/// MultiQC 🔍 v1.34

       file_search | Search path: /home/STUDY/FBMF/studfbmf02_01/hw5/results/fastqc_raw
            fastqc | Found 4 reports
     write_results | Data        : /home/STUDY/FBMF/studfbmf02_01/hw5/results/fastqc_raw/multiqc_data
     write_results | Report      : /home/STUDY/FBMF/studfbmf02_01/hw5/results/fastqc_raw/multiqc_report.html
           multiqc | MultiQC complete
[2026-05-11T10:15:47.909] error: private-tmpdir: /tmp/67606.batch.0 nftw error No such file or directory
